[
        {
                "row_matrix": [
                        -0.9999999999999999,
                        0.0,
                        0.0,
                        0.0,
                        -1.0,
                        0.0,
                        0.0,
                        0.0,
                        -1.0
                ],
                "symop_number": 0,
                "time_reversal": false,
                "translation": [
                        1.4549999999999998,
                        -0.8417000400000001,
                        2.3105399999999996
                ]
        },
        {
                "row_matrix": [
                        -0.9999999999999999,
                        0.0,
                        0.0,
                        0.0,
                        1.0,
                        0.0,
                        0.0,
                        0.0,
                        -1.0
                ],
                "symop_number": 1,
                "time_reversal": false,
                "translation": [
                        -1.6153745008296028e-16,
                        0.0,
                        -1.0260858829269637e-15
                ]
        },
        {
                "row_matrix": [
                        0.9999999999999999,
                        0.0,
                        0.0,
                        0.0,
                        -1.0,
                        0.0,
                        0.0,
                        0.0,
                        -1.0
                ],
                "symop_number": 2,
                "time_reversal": false,
                "translation": [
                        1.4550000000000005,
                        -0.8417000400000001,
                        2.3105399999999996
                ]
        },
        {
                "row_matrix": [
                        0.9999999999999999,
                        0.0,
                        0.0,
                        0.0,
                        1.0,
                        0.0,
                        0.0,
                        0.0,
                        -1.0
                ],
                "symop_number": 3,
                "time_reversal": false,
                "translation": [
                        1.1102230246251564e-16,
                        0.0,
                        -1.0260858829269637e-15
                ]
        },
        {
                "row_matrix": [
                        -0.9999999999999999,
                        0.0,
                        0.0,
                        0.0,
                        -1.0,
                        0.0,
                        0.0,
                        0.0,
                        1.0
                ],
                "symop_number": 4,
                "time_reversal": false,
                "translation": [
                        1.4549999999999998,
                        -0.8417000400000001,
                        2.3105400000000005
                ]
        },
        {
                "row_matrix": [
                        -0.9999999999999999,
                        0.0,
                        0.0,
                        0.0,
                        1.0,
                        0.0,
                        0.0,
                        0.0,
                        1.0
                ],
                "symop_number": 5,
                "time_reversal": false,
                "translation": [
                        -1.6153745008296028e-16,
                        0.0,
                        0.0
                ]
        },
        {
                "row_matrix": [
                        0.9999999999999999,
                        0.0,
                        0.0,
                        0.0,
                        -1.0,
                        0.0,
                        0.0,
                        0.0,
                        1.0
                ],
                "symop_number": 6,
                "time_reversal": false,
                "translation": [
                        1.4550000000000005,
                        -0.8417000400000001,
                        2.3105400000000005
                ]
        },
        {
                "row_matrix": [
                        0.9999999999999999,
                        0.0,
                        0.0,
                        0.0,
                        1.0,
                        0.0,
                        0.0,
                        0.0,
                        1.0
                ],
                "symop_number": 7,
                "time_reversal": false,
                "translation": [
                        1.1102230246251564e-16,
                        0.0,
                        0.0
                ]
        }
]